<?xml version="1.0" encoding="UTF-8"?>
<testng-results skipped="0" failed="2" total="5" passed="3">
  <reporter-output>
  </reporter-output>
  <suite name="Default suite" duration-ms="43667" started-at="2016-08-24T09:44:12Z" finished-at="2016-08-24T09:44:56Z">
    <groups>
    </groups>
    <test name="login test" duration-ms="20712" started-at="2016-08-24T09:44:12Z" finished-at="2016-08-24T09:44:33Z">
      <class name="com.wangsy.doTest.LoginTest">
        <test-method status="PASS" signature="beforeLogin()[pri:0, instance:com.wangsy.doTest.LoginTest@1b40d5f0]" name="beforeLogin" is-config="true" duration-ms="8208" started-at="2016-08-24T17:44:12Z" finished-at="2016-08-24T17:44:20Z">
          <reporter-output>
          </reporter-output>
        </test-method> <!-- beforeLogin -->
        <test-method status="PASS" signature="testLogin(java.lang.String, java.lang.String, java.lang.String, java.lang.String)[pri:0, instance:com.wangsy.doTest.LoginTest@1b40d5f0]" name="testLogin" duration-ms="2974" started-at="2016-08-24T17:44:21Z" data-provider="userLogin" finished-at="2016-08-24T17:44:24Z">
          <params>
            <param index="0">
              <value>
                <![CDATA[13000000001]]>
              </value>
            </param>
            <param index="1">
              <value>
                <![CDATA[123456]]>
              </value>
            </param>
            <param index="2">
              <value>
                <![CDATA[t]]>
              </value>
            </param>
            <param index="3">
              <value>
                <![CDATA[退出]]>
              </value>
            </param>
          </params>
          <reporter-output>
          </reporter-output>
        </test-method> <!-- testLogin -->
        <test-method status="FAIL" signature="testLogin(java.lang.String, java.lang.String, java.lang.String, java.lang.String)[pri:0, instance:com.wangsy.doTest.LoginTest@1b40d5f0]" name="testLogin" duration-ms="969" started-at="2016-08-24T17:44:24Z" data-provider="userLogin" finished-at="2016-08-24T17:44:25Z">
          <params>
            <param index="0">
              <value>
                <![CDATA[13426370076]]>
              </value>
            </param>
            <param index="1">
              <value>
                <![CDATA[123456]]>
              </value>
            </param>
            <param index="2">
              <value>
                <![CDATA[f]]>
              </value>
            </param>
            <param index="3">
              <value>
                <![CDATA[登录]]>
              </value>
            </param>
          </params>
          <exception class="java.lang.AssertionError">
            <message>
              <![CDATA[expected [] but found [登录]]]>
            </message>
            <full-stacktrace>
              <![CDATA[java.lang.AssertionError: expected [] but found [登录]
	at org.testng.Assert.fail(Assert.java:94)
	at org.testng.Assert.failNotEquals(Assert.java:496)
	at org.testng.Assert.assertEquals(Assert.java:125)
	at org.testng.Assert.assertEquals(Assert.java:178)
	at org.testng.Assert.assertEquals(Assert.java:188)
	at com.wangsy.doTest.LoginTest.testLogin(Unknown Source)
	at sun.reflect.NativeMethodAccessorImpl.invoke0(Native Method)
	at sun.reflect.NativeMethodAccessorImpl.invoke(Unknown Source)
	at sun.reflect.DelegatingMethodAccessorImpl.invoke(Unknown Source)
	at java.lang.reflect.Method.invoke(Unknown Source)
	at org.testng.internal.MethodInvocationHelper.invokeMethod(MethodInvocationHelper.java:85)
	at org.testng.internal.Invoker.invokeMethod(Invoker.java:639)
	at org.testng.internal.Invoker.invokeTestMethod(Invoker.java:816)
	at org.testng.internal.Invoker.invokeTestMethods(Invoker.java:1124)
	at org.testng.internal.TestMethodWorker.invokeTestMethods(TestMethodWorker.java:125)
	at org.testng.internal.TestMethodWorker.run(TestMethodWorker.java:108)
	at org.testng.TestRunner.privateRun(TestRunner.java:774)
	at org.testng.TestRunner.run(TestRunner.java:624)
	at org.testng.SuiteRunner.runTest(SuiteRunner.java:359)
	at org.testng.SuiteRunner.access$000(SuiteRunner.java:39)
	at org.testng.SuiteRunner$SuiteWorker.run(SuiteRunner.java:393)
	at org.testng.internal.thread.ThreadUtil$2.call(ThreadUtil.java:64)
	at java.util.concurrent.FutureTask.run(Unknown Source)
	at java.util.concurrent.ThreadPoolExecutor.runWorker(Unknown Source)
	at java.util.concurrent.ThreadPoolExecutor$Worker.run(Unknown Source)
	at java.lang.Thread.run(Unknown Source)
]]>
            </full-stacktrace>
          </exception> <!-- java.lang.AssertionError -->
          <reporter-output>
          </reporter-output>
        </test-method> <!-- testLogin -->
        <test-method status="FAIL" signature="testLogin(java.lang.String, java.lang.String, java.lang.String, java.lang.String)[pri:0, instance:com.wangsy.doTest.LoginTest@1b40d5f0]" name="testLogin" duration-ms="1460" started-at="2016-08-24T17:44:25Z" data-provider="userLogin" finished-at="2016-08-24T17:44:26Z">
          <params>
            <param index="0">
              <value>
                <![CDATA[1200000004]]>
              </value>
            </param>
            <param index="1">
              <value>
                <![CDATA[123456]]>
              </value>
            </param>
            <param index="2">
              <value>
                <![CDATA[f]]>
              </value>
            </param>
            <param index="3">
              <value>
                <![CDATA[登录]]>
              </value>
            </param>
          </params>
          <exception class="java.lang.AssertionError">
            <message>
              <![CDATA[expected [] but found [登录]]]>
            </message>
            <full-stacktrace>
              <![CDATA[java.lang.AssertionError: expected [] but found [登录]
	at org.testng.Assert.fail(Assert.java:94)
	at org.testng.Assert.failNotEquals(Assert.java:496)
	at org.testng.Assert.assertEquals(Assert.java:125)
	at org.testng.Assert.assertEquals(Assert.java:178)
	at org.testng.Assert.assertEquals(Assert.java:188)
	at com.wangsy.doTest.LoginTest.testLogin(Unknown Source)
	at sun.reflect.NativeMethodAccessorImpl.invoke0(Native Method)
	at sun.reflect.NativeMethodAccessorImpl.invoke(Unknown Source)
	at sun.reflect.DelegatingMethodAccessorImpl.invoke(Unknown Source)
	at java.lang.reflect.Method.invoke(Unknown Source)
	at org.testng.internal.MethodInvocationHelper.invokeMethod(MethodInvocationHelper.java:85)
	at org.testng.internal.Invoker.invokeMethod(Invoker.java:639)
	at org.testng.internal.Invoker.invokeTestMethod(Invoker.java:816)
	at org.testng.internal.Invoker.invokeTestMethods(Invoker.java:1124)
	at org.testng.internal.TestMethodWorker.invokeTestMethods(TestMethodWorker.java:125)
	at org.testng.internal.TestMethodWorker.run(TestMethodWorker.java:108)
	at org.testng.TestRunner.privateRun(TestRunner.java:774)
	at org.testng.TestRunner.run(TestRunner.java:624)
	at org.testng.SuiteRunner.runTest(SuiteRunner.java:359)
	at org.testng.SuiteRunner.access$000(SuiteRunner.java:39)
	at org.testng.SuiteRunner$SuiteWorker.run(SuiteRunner.java:393)
	at org.testng.internal.thread.ThreadUtil$2.call(ThreadUtil.java:64)
	at java.util.concurrent.FutureTask.run(Unknown Source)
	at java.util.concurrent.ThreadPoolExecutor.runWorker(Unknown Source)
	at java.util.concurrent.ThreadPoolExecutor$Worker.run(Unknown Source)
	at java.lang.Thread.run(Unknown Source)
]]>
            </full-stacktrace>
          </exception> <!-- java.lang.AssertionError -->
          <reporter-output>
          </reporter-output>
        </test-method> <!-- testLogin -->
        <test-method status="PASS" signature="quit()[pri:0, instance:com.wangsy.doTest.LoginTest@1b40d5f0]" name="quit" is-config="true" duration-ms="6399" started-at="2016-08-24T17:44:26Z" finished-at="2016-08-24T17:44:33Z">
          <reporter-output>
          </reporter-output>
        </test-method> <!-- quit -->
      </class> <!-- com.wangsy.doTest.LoginTest -->
    </test> <!-- login test -->
    <test name="userdelete" duration-ms="24654" started-at="2016-08-24T09:44:12Z" finished-at="2016-08-24T09:44:37Z">
      <class name="com.wangsy.doTest.UserAddTest">
        <test-method status="PASS" signature="beforeLogin()[pri:0, instance:com.wangsy.doTest.UserAddTest@e580929]" name="beforeLogin" is-config="true" duration-ms="23322" started-at="2016-08-24T17:44:12Z" finished-at="2016-08-24T17:44:35Z">
          <reporter-output>
          </reporter-output>
        </test-method> <!-- beforeLogin -->
        <test-method status="PASS" signature="testUserAdd()[pri:0, instance:com.wangsy.doTest.UserAddTest@e580929]" name="testUserAdd" duration-ms="0" started-at="2016-08-24T17:44:35Z" finished-at="2016-08-24T17:44:35Z">
          <reporter-output>
          </reporter-output>
        </test-method> <!-- testUserAdd -->
        <test-method status="PASS" signature="quit()[pri:0, instance:com.wangsy.doTest.UserAddTest@e580929]" name="quit" is-config="true" duration-ms="1331" started-at="2016-08-24T17:44:35Z" finished-at="2016-08-24T17:44:37Z">
          <reporter-output>
          </reporter-output>
        </test-method> <!-- quit -->
      </class> <!-- com.wangsy.doTest.UserAddTest -->
    </test> <!-- userdelete -->
    <test name="useradd" duration-ms="43667" started-at="2016-08-24T09:44:12Z" finished-at="2016-08-24T09:44:56Z">
      <class name="com.wangsy.doTest.UserDeleteTest">
        <test-method status="PASS" signature="beforeLogin()[pri:0, instance:com.wangsy.doTest.UserDeleteTest@d041cf]" name="beforeLogin" is-config="true" duration-ms="28386" started-at="2016-08-24T17:44:12Z" finished-at="2016-08-24T17:44:40Z">
          <reporter-output>
          </reporter-output>
        </test-method> <!-- beforeLogin -->
        <test-method status="PASS" signature="quit()[pri:0, instance:com.wangsy.doTest.UserDeleteTest@d041cf]" name="quit" is-config="true" duration-ms="15281" started-at="2016-08-24T17:44:40Z" finished-at="2016-08-24T17:44:56Z">
          <reporter-output>
          </reporter-output>
        </test-method> <!-- quit -->
        <test-method status="PASS" signature="testUserDelete()[pri:0, instance:com.wangsy.doTest.UserDeleteTest@d041cf]" name="testUserDelete" duration-ms="0" started-at="2016-08-24T17:44:40Z" finished-at="2016-08-24T17:44:40Z">
          <reporter-output>
          </reporter-output>
        </test-method> <!-- testUserDelete -->
      </class> <!-- com.wangsy.doTest.UserDeleteTest -->
    </test> <!-- useradd -->
  </suite> <!-- Default suite -->
</testng-results>
